d:\new\vs\x64\debug\vc141.pdb
d:\new\vs\x64\debug\vc141.idb
d:\new\vs\x64\debug\simulation.nativecodeanalysis.xml
d:\new\vs\x64\debug\myprogram.nativecodeanalysis.xml
d:\new\vs\x64\debug\flightdataparser.nativecodeanalysis.xml
d:\new\vs\x64\debug\flightdata.nativecodeanalysis.xml
d:\new\vs\x64\debug\citydataparser.nativecodeanalysis.xml
d:\new\vs\x64\debug\citydata.nativecodeanalysis.xml
d:\new\vs\x64\debug\aircraftdata.nativecodeanalysis.xml
d:\new\vs\x64\debug\aircraftdata.obj
d:\new\vs\x64\debug\citydata.obj
d:\new\vs\x64\debug\citydataparser.obj
d:\new\vs\x64\debug\flightdata.obj
d:\new\vs\x64\debug\flightdataparser.obj
d:\new\vs\x64\debug\myprogram.obj
d:\new\vs\x64\debug\simulation.obj
d:\new\vs\x64\debug\anderson_cs307_project1.ilk
d:\new\vs\x64\debug\anderson_cs307_project1.exe
d:\new\vs\x64\debug\anderson_cs307_project1.pdb
d:\new\vs\x64\debug\nativecodeanalysis.read.1.tlog
d:\new\vs\x64\debug\vc.nativecodeanalysis.all.xml
d:\new\vs\x64\debug\anderson_cs307_project1.exe.lastcodeanalysissucceeded
d:\new\vs\x64\debug\anderson.638edb91.tlog\cl.command.1.tlog
d:\new\vs\x64\debug\anderson.638edb91.tlog\cl.read.1.tlog
d:\new\vs\x64\debug\anderson.638edb91.tlog\cl.write.1.tlog
d:\new\vs\x64\debug\anderson.638edb91.tlog\link.command.1.tlog
d:\new\vs\x64\debug\anderson.638edb91.tlog\link.read.1.tlog
d:\new\vs\x64\debug\anderson.638edb91.tlog\link.write.1.tlog
