Analysis & Synthesis report for Lab3
Mon Feb 22 20:36:49 2021
Quartus Prime Version 17.1.0 Build 590 10/25/2017 SJ Lite Edition


---------------------
; Table of Contents ;
---------------------
  1. Legal Notice
  2. Analysis & Synthesis Summary
  3. Analysis & Synthesis Settings
  4. Parallel Compilation
  5. Analysis & Synthesis Source Files Read
  6. Analysis & Synthesis Resource Usage Summary
  7. Analysis & Synthesis Resource Utilization by Entity
  8. Analysis & Synthesis DSP Block Usage Summary
  9. State Machine - |DE10_LITE_Golden_Top|display_driver:hex_leds|displayState
 10. General Register Statistics
 11. Multiplexer Restructuring Statistics (Restructuring Performed)
 12. Parameter Settings for User Entity Instance: meta:SW_in_meta
 13. Parameter Settings for User Entity Instance: debounce:dbc0
 14. Parameter Settings for User Entity Instance: debounce:dbc1
 15. Parameter Settings for User Entity Instance: msec_timer:u_timer
 16. Parameter Settings for Inferred Entity Instance: alu:u_alu|lpm_mult:Mult0
 17. lpm_mult Parameter Settings by Entity Instance
 18. Port Connectivity Checks: "display_driver:hex_leds|hex_driver:hex_display[0]"
 19. Port Connectivity Checks: "meta:SW_in_meta"
 20. Post-Synthesis Netlist Statistics for Top Partition
 21. Elapsed Time Per Partition
 22. Analysis & Synthesis Messages



----------------
; Legal Notice ;
----------------
Copyright (C) 2017  Intel Corporation. All rights reserved.
Your use of Intel Corporation's design tools, logic functions 
and other software and tools, and its AMPP partner logic 
functions, and any output files from any of the foregoing 
(including device programming or simulation files), and any 
associated documentation or information are expressly subject 
to the terms and conditions of the Intel Program License 
Subscription Agreement, the Intel Quartus Prime License Agreement,
the Intel FPGA IP License Agreement, or other applicable license
agreement, including, without limitation, that your use is for
the sole purpose of programming logic devices manufactured by
Intel and sold by Intel or its authorized distributors.  Please
refer to the applicable agreement for further details.



+----------------------------------------------------------------------------------+
; Analysis & Synthesis Summary                                                     ;
+------------------------------------+---------------------------------------------+
; Analysis & Synthesis Status        ; Successful - Mon Feb 22 20:36:49 2021       ;
; Quartus Prime Version              ; 17.1.0 Build 590 10/25/2017 SJ Lite Edition ;
; Revision Name                      ; Lab3                                        ;
; Top-level Entity Name              ; DE10_LITE_Golden_Top                        ;
; Family                             ; MAX 10                                      ;
; Total logic elements               ; 459                                         ;
;     Total combinational functions  ; 398                                         ;
;     Dedicated logic registers      ; 138                                         ;
; Total registers                    ; 138                                         ;
; Total pins                         ; 97                                          ;
; Total virtual pins                 ; 0                                           ;
; Total memory bits                  ; 0                                           ;
; Embedded Multiplier 9-bit elements ; 1                                           ;
; Total PLLs                         ; 0                                           ;
; UFM blocks                         ; 0                                           ;
; ADC blocks                         ; 0                                           ;
+------------------------------------+---------------------------------------------+


+------------------------------------------------------------------------------------------------------------------------+
; Analysis & Synthesis Settings                                                                                          ;
+----------------------------------------------------------------------------+----------------------+--------------------+
; Option                                                                     ; Setting              ; Default Value      ;
+----------------------------------------------------------------------------+----------------------+--------------------+
; Device                                                                     ; 10M50DAF484C6GES     ;                    ;
; Top-level entity name                                                      ; DE10_LITE_Golden_Top ; Lab3               ;
; Family name                                                                ; MAX 10               ; Cyclone V          ;
; Use smart compilation                                                      ; Off                  ; Off                ;
; Enable parallel Assembler and TimeQuest Timing Analyzer during compilation ; On                   ; On                 ;
; Enable compact report table                                                ; Off                  ; Off                ;
; Restructure Multiplexers                                                   ; Auto                 ; Auto               ;
; Create Debugging Nodes for IP Cores                                        ; Off                  ; Off                ;
; Preserve fewer node names                                                  ; On                   ; On                 ;
; Intel FPGA IP Evaluation Mode                                              ; Enable               ; Enable             ;
; Verilog Version                                                            ; Verilog_2001         ; Verilog_2001       ;
; VHDL Version                                                               ; VHDL_1993            ; VHDL_1993          ;
; State Machine Processing                                                   ; Auto                 ; Auto               ;
; Safe State Machine                                                         ; Off                  ; Off                ;
; Extract Verilog State Machines                                             ; On                   ; On                 ;
; Extract VHDL State Machines                                                ; On                   ; On                 ;
; Ignore Verilog initial constructs                                          ; Off                  ; Off                ;
; Iteration limit for constant Verilog loops                                 ; 5000                 ; 5000               ;
; Iteration limit for non-constant Verilog loops                             ; 250                  ; 250                ;
; Add Pass-Through Logic to Inferred RAMs                                    ; On                   ; On                 ;
; Infer RAMs from Raw Logic                                                  ; On                   ; On                 ;
; Parallel Synthesis                                                         ; On                   ; On                 ;
; DSP Block Balancing                                                        ; Auto                 ; Auto               ;
; NOT Gate Push-Back                                                         ; On                   ; On                 ;
; Power-Up Don't Care                                                        ; On                   ; On                 ;
; Remove Redundant Logic Cells                                               ; Off                  ; Off                ;
; Remove Duplicate Registers                                                 ; On                   ; On                 ;
; Ignore CARRY Buffers                                                       ; Off                  ; Off                ;
; Ignore CASCADE Buffers                                                     ; Off                  ; Off                ;
; Ignore GLOBAL Buffers                                                      ; Off                  ; Off                ;
; Ignore ROW GLOBAL Buffers                                                  ; Off                  ; Off                ;
; Ignore LCELL Buffers                                                       ; Off                  ; Off                ;
; Ignore SOFT Buffers                                                        ; On                   ; On                 ;
; Limit AHDL Integers to 32 Bits                                             ; Off                  ; Off                ;
; Optimization Technique                                                     ; Balanced             ; Balanced           ;
; Carry Chain Length                                                         ; 70                   ; 70                 ;
; Auto Carry Chains                                                          ; On                   ; On                 ;
; Auto Open-Drain Pins                                                       ; On                   ; On                 ;
; Perform WYSIWYG Primitive Resynthesis                                      ; Off                  ; Off                ;
; Auto ROM Replacement                                                       ; On                   ; On                 ;
; Auto RAM Replacement                                                       ; On                   ; On                 ;
; Auto DSP Block Replacement                                                 ; On                   ; On                 ;
; Auto Shift Register Replacement                                            ; Auto                 ; Auto               ;
; Allow Shift Register Merging across Hierarchies                            ; Auto                 ; Auto               ;
; Auto Clock Enable Replacement                                              ; On                   ; On                 ;
; Strict RAM Replacement                                                     ; Off                  ; Off                ;
; Allow Synchronous Control Signals                                          ; On                   ; On                 ;
; Force Use of Synchronous Clear Signals                                     ; Off                  ; Off                ;
; Auto RAM Block Balancing                                                   ; On                   ; On                 ;
; Auto RAM to Logic Cell Conversion                                          ; Off                  ; Off                ;
; Auto Resource Sharing                                                      ; Off                  ; Off                ;
; Allow Any RAM Size For Recognition                                         ; Off                  ; Off                ;
; Allow Any ROM Size For Recognition                                         ; Off                  ; Off                ;
; Allow Any Shift Register Size For Recognition                              ; Off                  ; Off                ;
; Use LogicLock Constraints during Resource Balancing                        ; On                   ; On                 ;
; Ignore translate_off and synthesis_off directives                          ; Off                  ; Off                ;
; Timing-Driven Synthesis                                                    ; On                   ; On                 ;
; Report Parameter Settings                                                  ; On                   ; On                 ;
; Report Source Assignments                                                  ; On                   ; On                 ;
; Report Connectivity Checks                                                 ; On                   ; On                 ;
; Ignore Maximum Fan-Out Assignments                                         ; Off                  ; Off                ;
; Synchronization Register Chain Length                                      ; 2                    ; 2                  ;
; Power Optimization During Synthesis                                        ; Normal compilation   ; Normal compilation ;
; HDL message level                                                          ; Level2               ; Level2             ;
; Suppress Register Optimization Related Messages                            ; Off                  ; Off                ;
; Number of Removed Registers Reported in Synthesis Report                   ; 5000                 ; 5000               ;
; Number of Swept Nodes Reported in Synthesis Report                         ; 5000                 ; 5000               ;
; Number of Inverted Registers Reported in Synthesis Report                  ; 100                  ; 100                ;
; Clock MUX Protection                                                       ; On                   ; On                 ;
; Auto Gated Clock Conversion                                                ; Off                  ; Off                ;
; Block Design Naming                                                        ; Auto                 ; Auto               ;
; SDC constraint protection                                                  ; Off                  ; Off                ;
; Synthesis Effort                                                           ; Auto                 ; Auto               ;
; Shift Register Replacement - Allow Asynchronous Clear Signal               ; On                   ; On                 ;
; Pre-Mapping Resynthesis Optimization                                       ; Off                  ; Off                ;
; Analysis & Synthesis Message Level                                         ; Medium               ; Medium             ;
; Disable Register Merging Across Hierarchies                                ; Auto                 ; Auto               ;
; Resource Aware Inference For Block RAM                                     ; On                   ; On                 ;
+----------------------------------------------------------------------------+----------------------+--------------------+


+------------------------------------------+
; Parallel Compilation                     ;
+----------------------------+-------------+
; Processors                 ; Number      ;
+----------------------------+-------------+
; Number detected on machine ; 8           ;
; Maximum allowed            ; 4           ;
;                            ;             ;
; Average used               ; 1.00        ;
; Maximum used               ; 4           ;
;                            ;             ;
; Usage by Processor         ; % Time Used ;
;     Processor 1            ; 100.0%      ;
;     Processors 2-4         ;   0.0%      ;
+----------------------------+-------------+


+------------------------------------------------------------------------------------------------------------------------------------------------------------------------------------------+
; Analysis & Synthesis Source Files Read                                                                                                                                                   ;
+----------------------------------+-----------------+------------------------------+--------------------------------------------------------------------------------------------+---------+
; File Name with User-Entered Path ; Used in Netlist ; File Type                    ; File Name with Absolute Path                                                               ; Library ;
+----------------------------------+-----------------+------------------------------+--------------------------------------------------------------------------------------------+---------+
; msec_timer.v                     ; yes             ; User Verilog HDL File        ; C:/Users/scout/iCloudDrive/School/CPE/CPE 324/Labs/Lab 3/Lab3-Files/msec_timer.v           ;         ;
; meta.v                           ; yes             ; User Verilog HDL File        ; C:/Users/scout/iCloudDrive/School/CPE/CPE 324/Labs/Lab 3/Lab3-Files/meta.v                 ;         ;
; hex_driver.v                     ; yes             ; User Verilog HDL File        ; C:/Users/scout/iCloudDrive/School/CPE/CPE 324/Labs/Lab 3/Lab3-Files/hex_driver.v           ;         ;
; display_driver.v                 ; yes             ; User Verilog HDL File        ; C:/Users/scout/iCloudDrive/School/CPE/CPE 324/Labs/Lab 3/Lab3-Files/display_driver.v       ;         ;
; debounce.v                       ; yes             ; User Verilog HDL File        ; C:/Users/scout/iCloudDrive/School/CPE/CPE 324/Labs/Lab 3/Lab3-Files/debounce.v             ;         ;
; DE10_LITE_Golden_Top.v           ; yes             ; User Verilog HDL File        ; C:/Users/scout/iCloudDrive/School/CPE/CPE 324/Labs/Lab 3/Lab3-Files/DE10_LITE_Golden_Top.v ;         ;
; alu.v                            ; yes             ; User Verilog HDL File        ; C:/Users/scout/iCloudDrive/School/CPE/CPE 324/Labs/Lab 3/Lab3-Files/alu.v                  ;         ;
; lpm_mult.tdf                     ; yes             ; Megafunction                 ; c:/intelfpga_lite/17.1/quartus/libraries/megafunctions/lpm_mult.tdf                        ;         ;
; aglobal171.inc                   ; yes             ; Megafunction                 ; c:/intelfpga_lite/17.1/quartus/libraries/megafunctions/aglobal171.inc                      ;         ;
; lpm_add_sub.inc                  ; yes             ; Megafunction                 ; c:/intelfpga_lite/17.1/quartus/libraries/megafunctions/lpm_add_sub.inc                     ;         ;
; multcore.inc                     ; yes             ; Megafunction                 ; c:/intelfpga_lite/17.1/quartus/libraries/megafunctions/multcore.inc                        ;         ;
; bypassff.inc                     ; yes             ; Megafunction                 ; c:/intelfpga_lite/17.1/quartus/libraries/megafunctions/bypassff.inc                        ;         ;
; altshift.inc                     ; yes             ; Megafunction                 ; c:/intelfpga_lite/17.1/quartus/libraries/megafunctions/altshift.inc                        ;         ;
; db/mult_0ls.tdf                  ; yes             ; Auto-Generated Megafunction  ; C:/Users/scout/iCloudDrive/School/CPE/CPE 324/Labs/Lab 3/Lab3-Files/db/mult_0ls.tdf        ;         ;
+----------------------------------+-----------------+------------------------------+--------------------------------------------------------------------------------------------+---------+


+-------------------------------------------------------------------+
; Analysis & Synthesis Resource Usage Summary                       ;
+---------------------------------------------+---------------------+
; Resource                                    ; Usage               ;
+---------------------------------------------+---------------------+
; Estimated Total logic elements              ; 459                 ;
;                                             ;                     ;
; Total combinational functions               ; 398                 ;
; Logic element usage by number of LUT inputs ;                     ;
;     -- 4 input functions                    ; 231                 ;
;     -- 3 input functions                    ; 97                  ;
;     -- <=2 input functions                  ; 70                  ;
;                                             ;                     ;
; Logic elements by mode                      ;                     ;
;     -- normal mode                          ; 341                 ;
;     -- arithmetic mode                      ; 57                  ;
;                                             ;                     ;
; Total registers                             ; 138                 ;
;     -- Dedicated logic registers            ; 138                 ;
;     -- I/O registers                        ; 0                   ;
;                                             ;                     ;
; I/O pins                                    ; 97                  ;
;                                             ;                     ;
; Embedded Multiplier 9-bit elements          ; 1                   ;
;                                             ;                     ;
; Maximum fan-out node                        ; MAX10_CLK1_50~input ;
; Maximum fan-out                             ; 138                 ;
; Total fan-out                               ; 1920                ;
; Average fan-out                             ; 2.50                ;
+---------------------------------------------+---------------------+


+---------------------------------------------------------------------------------------------------------------------------------------------------------------------------------------------------------------------------------------------------------------------------------------------------------+
; Analysis & Synthesis Resource Utilization by Entity                                                                                                                                                                                                                                                     ;
+------------------------------------+---------------------+---------------------------+-------------+------------+--------------+---------+-----------+------+--------------+------------+-------------------------------------------------------------------------+----------------------+--------------+
; Compilation Hierarchy Node         ; Combinational ALUTs ; Dedicated Logic Registers ; Memory Bits ; UFM Blocks ; DSP Elements ; DSP 9x9 ; DSP 18x18 ; Pins ; Virtual Pins ; ADC blocks ; Full Hierarchy Name                                                     ; Entity Name          ; Library Name ;
+------------------------------------+---------------------+---------------------------+-------------+------------+--------------+---------+-----------+------+--------------+------------+-------------------------------------------------------------------------+----------------------+--------------+
; |DE10_LITE_Golden_Top              ; 398 (6)             ; 138 (15)                  ; 0           ; 0          ; 1            ; 1       ; 0         ; 97   ; 0            ; 0          ; |DE10_LITE_Golden_Top                                                   ; DE10_LITE_Golden_Top ; work         ;
;    |alu:u_alu|                     ; 163 (163)           ; 16 (16)                   ; 0           ; 0          ; 1            ; 1       ; 0         ; 0    ; 0            ; 0          ; |DE10_LITE_Golden_Top|alu:u_alu                                         ; alu                  ; work         ;
;       |lpm_mult:Mult0|             ; 0 (0)               ; 0 (0)                     ; 0           ; 0          ; 1            ; 1       ; 0         ; 0    ; 0            ; 0          ; |DE10_LITE_Golden_Top|alu:u_alu|lpm_mult:Mult0                          ; lpm_mult             ; work         ;
;          |mult_0ls:auto_generated| ; 0 (0)               ; 0 (0)                     ; 0           ; 0          ; 1            ; 1       ; 0         ; 0    ; 0            ; 0          ; |DE10_LITE_Golden_Top|alu:u_alu|lpm_mult:Mult0|mult_0ls:auto_generated  ; mult_0ls             ; work         ;
;    |debounce:dbc0|                 ; 0 (0)               ; 1 (1)                     ; 0           ; 0          ; 0            ; 0       ; 0         ; 0    ; 0            ; 0          ; |DE10_LITE_Golden_Top|debounce:dbc0                                     ; debounce             ; work         ;
;    |debounce:dbc1|                 ; 0 (0)               ; 1 (1)                     ; 0           ; 0          ; 0            ; 0       ; 0         ; 0    ; 0            ; 0          ; |DE10_LITE_Golden_Top|debounce:dbc1                                     ; debounce             ; work         ;
;    |display_driver:hex_leds|       ; 198 (140)           ; 70 (70)                   ; 0           ; 0          ; 0            ; 0       ; 0         ; 0    ; 0            ; 0          ; |DE10_LITE_Golden_Top|display_driver:hex_leds                           ; display_driver       ; work         ;
;       |hex_driver:hex_display[0]|  ; 7 (7)               ; 0 (0)                     ; 0           ; 0          ; 0            ; 0       ; 0         ; 0    ; 0            ; 0          ; |DE10_LITE_Golden_Top|display_driver:hex_leds|hex_driver:hex_display[0] ; hex_driver           ; work         ;
;       |hex_driver:hex_display[1]|  ; 12 (12)             ; 0 (0)                     ; 0           ; 0          ; 0            ; 0       ; 0         ; 0    ; 0            ; 0          ; |DE10_LITE_Golden_Top|display_driver:hex_leds|hex_driver:hex_display[1] ; hex_driver           ; work         ;
;       |hex_driver:hex_display[2]|  ; 12 (12)             ; 0 (0)                     ; 0           ; 0          ; 0            ; 0       ; 0         ; 0    ; 0            ; 0          ; |DE10_LITE_Golden_Top|display_driver:hex_leds|hex_driver:hex_display[2] ; hex_driver           ; work         ;
;       |hex_driver:hex_display[3]|  ; 11 (11)             ; 0 (0)                     ; 0           ; 0          ; 0            ; 0       ; 0         ; 0    ; 0            ; 0          ; |DE10_LITE_Golden_Top|display_driver:hex_leds|hex_driver:hex_display[3] ; hex_driver           ; work         ;
;       |hex_driver:hex_display[4]|  ; 14 (14)             ; 0 (0)                     ; 0           ; 0          ; 0            ; 0       ; 0         ; 0    ; 0            ; 0          ; |DE10_LITE_Golden_Top|display_driver:hex_leds|hex_driver:hex_display[4] ; hex_driver           ; work         ;
;       |hex_driver:hex_display[5]|  ; 2 (2)               ; 0 (0)                     ; 0           ; 0          ; 0            ; 0       ; 0         ; 0    ; 0            ; 0          ; |DE10_LITE_Golden_Top|display_driver:hex_leds|hex_driver:hex_display[5] ; hex_driver           ; work         ;
;    |meta:SW_in_meta|               ; 0 (0)               ; 18 (18)                   ; 0           ; 0          ; 0            ; 0       ; 0         ; 0    ; 0            ; 0          ; |DE10_LITE_Golden_Top|meta:SW_in_meta                                   ; meta                 ; work         ;
;    |msec_timer:u_timer|            ; 31 (31)             ; 17 (17)                   ; 0           ; 0          ; 0            ; 0       ; 0         ; 0    ; 0            ; 0          ; |DE10_LITE_Golden_Top|msec_timer:u_timer                                ; msec_timer           ; work         ;
+------------------------------------+---------------------+---------------------------+-------------+------------+--------------+---------+-----------+------+--------------+------------+-------------------------------------------------------------------------+----------------------+--------------+
Note: For table entries with two numbers listed, the numbers in parentheses indicate the number of resources of the given type used by the specific entity alone. The numbers listed outside of parentheses indicate the total resources of the given type used by the specific entity and all of its sub-entities in the hierarchy.


+-----------------------------------------------------+
; Analysis & Synthesis DSP Block Usage Summary        ;
+---------------------------------------+-------------+
; Statistic                             ; Number Used ;
+---------------------------------------+-------------+
; Simple Multipliers (9-bit)            ; 1           ;
; Simple Multipliers (18-bit)           ; 0           ;
; Embedded Multiplier Blocks            ; --          ;
; Embedded Multiplier 9-bit elements    ; 1           ;
; Signed Embedded Multipliers           ; 0           ;
; Unsigned Embedded Multipliers         ; 1           ;
; Mixed Sign Embedded Multipliers       ; 0           ;
; Variable Sign Embedded Multipliers    ; 0           ;
; Dedicated Input Shift Register Chains ; 0           ;
+---------------------------------------+-------------+
Note: number of Embedded Multiplier Blocks used is only available after a successful fit.


Encoding Type:  One-Hot
+----------------------------------------------------------------------------------------------------------+
; State Machine - |DE10_LITE_Golden_Top|display_driver:hex_leds|displayState                               ;
+--------------------------+--------------------------+--------------------------+-------------------------+
; Name                     ; displayState.SHOW_RESULT ; displayState.SHOW_OPCODE ; displayState.SHOW_OPREG ;
+--------------------------+--------------------------+--------------------------+-------------------------+
; displayState.SHOW_RESULT ; 0                        ; 0                        ; 0                       ;
; displayState.SHOW_OPREG  ; 1                        ; 0                        ; 1                       ;
; displayState.SHOW_OPCODE ; 1                        ; 1                        ; 0                       ;
+--------------------------+--------------------------+--------------------------+-------------------------+


+------------------------------------------------------+
; General Register Statistics                          ;
+----------------------------------------------+-------+
; Statistic                                    ; Value ;
+----------------------------------------------+-------+
; Total registers                              ; 138   ;
; Number of registers using Synchronous Clear  ; 12    ;
; Number of registers using Synchronous Load   ; 17    ;
; Number of registers using Asynchronous Clear ; 0     ;
; Number of registers using Asynchronous Load  ; 0     ;
; Number of registers using Clock Enable       ; 60    ;
; Number of registers using Preset             ; 0     ;
+----------------------------------------------+-------+


+-------------------------------------------------------------------------------------------------------------------------------------------------------------------------+
; Multiplexer Restructuring Statistics (Restructuring Performed)                                                                                                          ;
+--------------------+-----------+---------------+----------------------+------------------------+------------+-----------------------------------------------------------+
; Multiplexer Inputs ; Bus Width ; Baseline Area ; Area if Restructured ; Saving if Restructured ; Registered ; Example Multiplexer Output                                ;
+--------------------+-----------+---------------+----------------------+------------------------+------------+-----------------------------------------------------------+
; 3:1                ; 3 bits    ; 6 LEs         ; 3 LEs                ; 3 LEs                  ; Yes        ; |DE10_LITE_Golden_Top|display_driver:hex_leds|decState[2] ;
; 3:1                ; 16 bits   ; 32 LEs        ; 16 LEs               ; 16 LEs                 ; Yes        ; |DE10_LITE_Golden_Top|display_driver:hex_leds|decTemp[7]  ;
; 9:1                ; 4 bits    ; 24 LEs        ; 12 LEs               ; 12 LEs                 ; Yes        ; |DE10_LITE_Golden_Top|alu:u_alu|opResult[12]              ;
; 9:1                ; 2 bits    ; 12 LEs        ; 8 LEs                ; 4 LEs                  ; Yes        ; |DE10_LITE_Golden_Top|alu:u_alu|opResult[10]              ;
; 13:1               ; 4 bits    ; 32 LEs        ; 24 LEs               ; 8 LEs                  ; Yes        ; |DE10_LITE_Golden_Top|alu:u_alu|opResult[6]               ;
; 14:1               ; 2 bits    ; 18 LEs        ; 14 LEs               ; 4 LEs                  ; Yes        ; |DE10_LITE_Golden_Top|alu:u_alu|opResult[3]               ;
; 3:1                ; 2 bits    ; 4 LEs         ; 4 LEs                ; 0 LEs                  ; No         ; |DE10_LITE_Golden_Top|display_driver:hex_leds|char4[1]    ;
; 3:1                ; 2 bits    ; 4 LEs         ; 4 LEs                ; 0 LEs                  ; No         ; |DE10_LITE_Golden_Top|display_driver:hex_leds|char4[2]    ;
; 3:1                ; 3 bits    ; 6 LEs         ; 6 LEs                ; 0 LEs                  ; No         ; |DE10_LITE_Golden_Top|display_driver:hex_leds|char2[1]    ;
; 3:1                ; 5 bits    ; 10 LEs        ; 10 LEs               ; 0 LEs                  ; No         ; |DE10_LITE_Golden_Top|display_driver:hex_leds|char3[3]    ;
; 3:1                ; 12 bits   ; 24 LEs        ; 12 LEs               ; 12 LEs                 ; No         ; |DE10_LITE_Golden_Top|display_driver:hex_leds|threeSecCnt ;
; 3:1                ; 12 bits   ; 24 LEs        ; 12 LEs               ; 12 LEs                 ; No         ; |DE10_LITE_Golden_Top|display_driver:hex_leds|threeSecCnt ;
; 4:1                ; 5 bits    ; 10 LEs        ; 10 LEs               ; 0 LEs                  ; No         ; |DE10_LITE_Golden_Top|display_driver:hex_leds|char1[3]    ;
; 4:1                ; 3 bits    ; 6 LEs         ; 6 LEs                ; 0 LEs                  ; No         ; |DE10_LITE_Golden_Top|display_driver:hex_leds|char0[0]    ;
; 5:1                ; 4 bits    ; 12 LEs        ; 12 LEs               ; 0 LEs                  ; No         ; |DE10_LITE_Golden_Top|display_driver:hex_leds|Mux12       ;
; 7:1                ; 3 bits    ; 12 LEs        ; 12 LEs               ; 0 LEs                  ; No         ; |DE10_LITE_Golden_Top|display_driver:hex_leds|Selector12  ;
+--------------------+-----------+---------------+----------------------+------------------------+------------+-----------------------------------------------------------+


+--------------------------------------------------------------+
; Parameter Settings for User Entity Instance: meta:SW_in_meta ;
+----------------+-------+-------------------------------------+
; Parameter Name ; Value ; Type                                ;
+----------------+-------+-------------------------------------+
; DATA_WIDTH     ; 10    ; Signed Integer                      ;
; DEPTH          ; 2     ; Signed Integer                      ;
+----------------+-------+-------------------------------------+
Note: In order to hide this table in the UI and the text report file, please set the "Show Parameter Settings in Synthesis Report" option in "Analysis and Synthesis Settings -> More Settings" to "Off".


+------------------------------------------------------------+
; Parameter Settings for User Entity Instance: debounce:dbc0 ;
+----------------+------------------+------------------------+
; Parameter Name ; Value            ; Type                   ;
+----------------+------------------+------------------------+
; DWELL_CNT      ; 0000000000000001 ; Unsigned Binary        ;
+----------------+------------------+------------------------+
Note: In order to hide this table in the UI and the text report file, please set the "Show Parameter Settings in Synthesis Report" option in "Analysis and Synthesis Settings -> More Settings" to "Off".


+------------------------------------------------------------+
; Parameter Settings for User Entity Instance: debounce:dbc1 ;
+----------------+------------------+------------------------+
; Parameter Name ; Value            ; Type                   ;
+----------------+------------------+------------------------+
; DWELL_CNT      ; 0000000000000001 ; Unsigned Binary        ;
+----------------+------------------+------------------------+
Note: In order to hide this table in the UI and the text report file, please set the "Show Parameter Settings in Synthesis Report" option in "Analysis and Synthesis Settings -> More Settings" to "Off".


+-----------------------------------------------------------------+
; Parameter Settings for User Entity Instance: msec_timer:u_timer ;
+----------------+-------+----------------------------------------+
; Parameter Name ; Value ; Type                                   ;
+----------------+-------+----------------------------------------+
; FREQ_KHZ       ; 50000 ; Signed Integer                         ;
+----------------+-------+----------------------------------------+
Note: In order to hide this table in the UI and the text report file, please set the "Show Parameter Settings in Synthesis Report" option in "Analysis and Synthesis Settings -> More Settings" to "Off".


+---------------------------------------------------------------------------------+
; Parameter Settings for Inferred Entity Instance: alu:u_alu|lpm_mult:Mult0       ;
+------------------------------------------------+----------+---------------------+
; Parameter Name                                 ; Value    ; Type                ;
+------------------------------------------------+----------+---------------------+
; AUTO_CARRY_CHAINS                              ; ON       ; AUTO_CARRY          ;
; IGNORE_CARRY_BUFFERS                           ; OFF      ; IGNORE_CARRY        ;
; AUTO_CASCADE_CHAINS                            ; ON       ; AUTO_CASCADE        ;
; IGNORE_CASCADE_BUFFERS                         ; OFF      ; IGNORE_CASCADE      ;
; LPM_WIDTHA                                     ; 8        ; Untyped             ;
; LPM_WIDTHB                                     ; 8        ; Untyped             ;
; LPM_WIDTHP                                     ; 16       ; Untyped             ;
; LPM_WIDTHR                                     ; 16       ; Untyped             ;
; LPM_WIDTHS                                     ; 1        ; Untyped             ;
; LPM_REPRESENTATION                             ; UNSIGNED ; Untyped             ;
; LPM_PIPELINE                                   ; 0        ; Untyped             ;
; LATENCY                                        ; 0        ; Untyped             ;
; INPUT_A_IS_CONSTANT                            ; NO       ; Untyped             ;
; INPUT_B_IS_CONSTANT                            ; NO       ; Untyped             ;
; USE_EAB                                        ; OFF      ; Untyped             ;
; MAXIMIZE_SPEED                                 ; 5        ; Untyped             ;
; DEVICE_FAMILY                                  ; MAX 10   ; Untyped             ;
; CARRY_CHAIN                                    ; MANUAL   ; Untyped             ;
; APEX20K_TECHNOLOGY_MAPPER                      ; LUT      ; TECH_MAPPER_APEX20K ;
; DEDICATED_MULTIPLIER_CIRCUITRY                 ; AUTO     ; Untyped             ;
; DEDICATED_MULTIPLIER_MIN_INPUT_WIDTH_FOR_AUTO  ; 0        ; Untyped             ;
; DEDICATED_MULTIPLIER_MIN_OUTPUT_WIDTH_FOR_AUTO ; 0        ; Untyped             ;
; CBXI_PARAMETER                                 ; mult_0ls ; Untyped             ;
; INPUT_A_FIXED_VALUE                            ; Bx       ; Untyped             ;
; INPUT_B_FIXED_VALUE                            ; Bx       ; Untyped             ;
; USE_AHDL_IMPLEMENTATION                        ; OFF      ; Untyped             ;
+------------------------------------------------+----------+---------------------+
Note: In order to hide this table in the UI and the text report file, please set the "Show Parameter Settings in Synthesis Report" option in "Analysis and Synthesis Settings -> More Settings" to "Off".


+------------------------------------------------------------------+
; lpm_mult Parameter Settings by Entity Instance                   ;
+---------------------------------------+--------------------------+
; Name                                  ; Value                    ;
+---------------------------------------+--------------------------+
; Number of entity instances            ; 1                        ;
; Entity Instance                       ; alu:u_alu|lpm_mult:Mult0 ;
;     -- LPM_WIDTHA                     ; 8                        ;
;     -- LPM_WIDTHB                     ; 8                        ;
;     -- LPM_WIDTHP                     ; 16                       ;
;     -- LPM_REPRESENTATION             ; UNSIGNED                 ;
;     -- INPUT_A_IS_CONSTANT            ; NO                       ;
;     -- INPUT_B_IS_CONSTANT            ; NO                       ;
;     -- USE_EAB                        ; OFF                      ;
;     -- DEDICATED_MULTIPLIER_CIRCUITRY ; AUTO                     ;
;     -- INPUT_A_FIXED_VALUE            ; Bx                       ;
;     -- INPUT_B_FIXED_VALUE            ; Bx                       ;
+---------------------------------------+--------------------------+


+-------------------------------------------------------------------------------+
; Port Connectivity Checks: "display_driver:hex_leds|hex_driver:hex_display[0]" ;
+----------+-------+----------+-------------------------------------------------+
; Port     ; Type  ; Severity ; Details                                         ;
+----------+-------+----------+-------------------------------------------------+
; InVal[4] ; Input ; Info     ; Stuck at GND                                    ;
+----------+-------+----------+-------------------------------------------------+


+----------------------------------------------------------------------------------------------------------------------+
; Port Connectivity Checks: "meta:SW_in_meta"                                                                          ;
+------------+--------+----------+-------------------------------------------------------------------------------------+
; Port       ; Type   ; Severity ; Details                                                                             ;
+------------+--------+----------+-------------------------------------------------------------------------------------+
; out_sig[8] ; Output ; Info     ; Connected to dangling logic. Logic that only feeds a dangling port will be removed. ;
+------------+--------+----------+-------------------------------------------------------------------------------------+


+-----------------------------------------------------+
; Post-Synthesis Netlist Statistics for Top Partition ;
+-----------------------+-----------------------------+
; Type                  ; Count                       ;
+-----------------------+-----------------------------+
; boundary_port         ; 97                          ;
; cycloneiii_ff         ; 138                         ;
;     ENA               ; 44                          ;
;     ENA SLD           ; 16                          ;
;     SCLR              ; 12                          ;
;     SLD               ; 1                           ;
;     plain             ; 65                          ;
; cycloneiii_io_obuf    ; 36                          ;
; cycloneiii_lcell_comb ; 413                         ;
;     arith             ; 57                          ;
;         2 data inputs ; 28                          ;
;         3 data inputs ; 29                          ;
;     normal            ; 356                         ;
;         0 data inputs ; 3                           ;
;         1 data inputs ; 17                          ;
;         2 data inputs ; 37                          ;
;         3 data inputs ; 68                          ;
;         4 data inputs ; 231                         ;
; cycloneiii_mac_mult   ; 1                           ;
; cycloneiii_mac_out    ; 1                           ;
;                       ;                             ;
; Max LUT depth         ; 7.00                        ;
; Average LUT depth     ; 3.76                        ;
+-----------------------+-----------------------------+


+-------------------------------+
; Elapsed Time Per Partition    ;
+----------------+--------------+
; Partition Name ; Elapsed Time ;
+----------------+--------------+
; Top            ; 00:00:01     ;
+----------------+--------------+


+-------------------------------+
; Analysis & Synthesis Messages ;
+-------------------------------+
Info: *******************************************************************
Info: Running Quartus Prime Analysis & Synthesis
    Info: Version 17.1.0 Build 590 10/25/2017 SJ Lite Edition
    Info: Processing started: Mon Feb 22 20:36:37 2021
Info: Command: quartus_map --read_settings_files=on --write_settings_files=off Lab3 -c Lab3
Warning (18236): Number of processors has not been specified which may cause overloading on shared machines.  Set the global assignment NUM_PARALLEL_PROCESSORS in your QSF to an appropriate value for best performance.
Info (20030): Parallel compilation is enabled and will use 4 of the 4 processors detected
Info (12021): Found 1 design units, including 1 entities, in source file msec_timer.v
    Info (12023): Found entity 1: msec_timer File: C:/Users/scout/iCloudDrive/School/CPE/CPE 324/Labs/Lab 3/Lab3-Files/msec_timer.v Line: 1
Info (12021): Found 1 design units, including 1 entities, in source file meta.v
    Info (12023): Found entity 1: meta File: C:/Users/scout/iCloudDrive/School/CPE/CPE 324/Labs/Lab 3/Lab3-Files/meta.v Line: 1
Info (12021): Found 1 design units, including 1 entities, in source file hex_driver.v
    Info (12023): Found entity 1: hex_driver File: C:/Users/scout/iCloudDrive/School/CPE/CPE 324/Labs/Lab 3/Lab3-Files/hex_driver.v Line: 1
Info (12021): Found 1 design units, including 1 entities, in source file display_driver.v
    Info (12023): Found entity 1: display_driver File: C:/Users/scout/iCloudDrive/School/CPE/CPE 324/Labs/Lab 3/Lab3-Files/display_driver.v Line: 1
Info (12021): Found 1 design units, including 1 entities, in source file debounce.v
    Info (12023): Found entity 1: debounce File: C:/Users/scout/iCloudDrive/School/CPE/CPE 324/Labs/Lab 3/Lab3-Files/debounce.v Line: 1
Info (12021): Found 1 design units, including 1 entities, in source file de10_lite_golden_top.v
    Info (12023): Found entity 1: DE10_LITE_Golden_Top File: C:/Users/scout/iCloudDrive/School/CPE/CPE 324/Labs/Lab 3/Lab3-Files/DE10_LITE_Golden_Top.v Line: 29
Info (12021): Found 1 design units, including 1 entities, in source file alu.v
    Info (12023): Found entity 1: alu File: C:/Users/scout/iCloudDrive/School/CPE/CPE 324/Labs/Lab 3/Lab3-Files/alu.v Line: 1
Info (12127): Elaborating entity "DE10_LITE_Golden_Top" for the top level hierarchy
Info (12128): Elaborating entity "meta" for hierarchy "meta:SW_in_meta" File: C:/Users/scout/iCloudDrive/School/CPE/CPE 324/Labs/Lab 3/Lab3-Files/DE10_LITE_Golden_Top.v Line: 183
Info (12128): Elaborating entity "debounce" for hierarchy "debounce:dbc0" File: C:/Users/scout/iCloudDrive/School/CPE/CPE 324/Labs/Lab 3/Lab3-Files/DE10_LITE_Golden_Top.v Line: 190
Warning (10230): Verilog HDL assignment warning at debounce.v(11): truncated value with size 32 to match size of target (16) File: C:/Users/scout/iCloudDrive/School/CPE/CPE 324/Labs/Lab 3/Lab3-Files/debounce.v Line: 11
Warning (10855): Verilog HDL warning at debounce.v(15): initial value for variable state should be constant File: C:/Users/scout/iCloudDrive/School/CPE/CPE 324/Labs/Lab 3/Lab3-Files/debounce.v Line: 15
Info (12128): Elaborating entity "msec_timer" for hierarchy "msec_timer:u_timer" File: C:/Users/scout/iCloudDrive/School/CPE/CPE 324/Labs/Lab 3/Lab3-Files/DE10_LITE_Golden_Top.v Line: 203
Warning (10230): Verilog HDL assignment warning at msec_timer.v(10): truncated value with size 32 to match size of target (16) File: C:/Users/scout/iCloudDrive/School/CPE/CPE 324/Labs/Lab 3/Lab3-Files/msec_timer.v Line: 10
Warning (10230): Verilog HDL assignment warning at msec_timer.v(30): truncated value with size 32 to match size of target (16) File: C:/Users/scout/iCloudDrive/School/CPE/CPE 324/Labs/Lab 3/Lab3-Files/msec_timer.v Line: 30
Info (12128): Elaborating entity "alu" for hierarchy "alu:u_alu" File: C:/Users/scout/iCloudDrive/School/CPE/CPE 324/Labs/Lab 3/Lab3-Files/DE10_LITE_Golden_Top.v Line: 212
Info (12128): Elaborating entity "display_driver" for hierarchy "display_driver:hex_leds" File: C:/Users/scout/iCloudDrive/School/CPE/CPE 324/Labs/Lab 3/Lab3-Files/DE10_LITE_Golden_Top.v Line: 232
Info (10264): Verilog HDL Case Statement information at display_driver.v(75): all case item expressions in this case statement are onehot File: C:/Users/scout/iCloudDrive/School/CPE/CPE 324/Labs/Lab 3/Lab3-Files/display_driver.v Line: 75
Warning (10230): Verilog HDL assignment warning at display_driver.v(135): truncated value with size 32 to match size of target (3) File: C:/Users/scout/iCloudDrive/School/CPE/CPE 324/Labs/Lab 3/Lab3-Files/display_driver.v Line: 135
Info (12128): Elaborating entity "hex_driver" for hierarchy "display_driver:hex_leds|hex_driver:hex_display[0]" File: C:/Users/scout/iCloudDrive/School/CPE/CPE 324/Labs/Lab 3/Lab3-Files/display_driver.v Line: 147
Info (278001): Inferred 1 megafunctions from design logic
    Info (278003): Inferred multiplier megafunction ("lpm_mult") from the following logic: "alu:u_alu|Mult0" File: C:/Users/scout/iCloudDrive/School/CPE/CPE 324/Labs/Lab 3/Lab3-Files/alu.v Line: 17
Info (12130): Elaborated megafunction instantiation "alu:u_alu|lpm_mult:Mult0" File: C:/Users/scout/iCloudDrive/School/CPE/CPE 324/Labs/Lab 3/Lab3-Files/alu.v Line: 17
Info (12133): Instantiated megafunction "alu:u_alu|lpm_mult:Mult0" with the following parameter: File: C:/Users/scout/iCloudDrive/School/CPE/CPE 324/Labs/Lab 3/Lab3-Files/alu.v Line: 17
    Info (12134): Parameter "LPM_WIDTHA" = "8"
    Info (12134): Parameter "LPM_WIDTHB" = "8"
    Info (12134): Parameter "LPM_WIDTHP" = "16"
    Info (12134): Parameter "LPM_WIDTHR" = "16"
    Info (12134): Parameter "LPM_WIDTHS" = "1"
    Info (12134): Parameter "LPM_REPRESENTATION" = "UNSIGNED"
    Info (12134): Parameter "INPUT_A_IS_CONSTANT" = "NO"
    Info (12134): Parameter "INPUT_B_IS_CONSTANT" = "NO"
    Info (12134): Parameter "MAXIMIZE_SPEED" = "5"
Info (12021): Found 1 design units, including 1 entities, in source file db/mult_0ls.tdf
    Info (12023): Found entity 1: mult_0ls File: C:/Users/scout/iCloudDrive/School/CPE/CPE 324/Labs/Lab 3/Lab3-Files/db/mult_0ls.tdf Line: 28
Warning (13039): The following bidirectional pins have no drivers
    Warning (13040): bidirectional pin "GPIO[0]" has no driver File: C:/Users/scout/iCloudDrive/School/CPE/CPE 324/Labs/Lab 3/Lab3-Files/DE10_LITE_Golden_Top.v Line: 122
    Warning (13040): bidirectional pin "GPIO[1]" has no driver File: C:/Users/scout/iCloudDrive/School/CPE/CPE 324/Labs/Lab 3/Lab3-Files/DE10_LITE_Golden_Top.v Line: 122
    Warning (13040): bidirectional pin "GPIO[2]" has no driver File: C:/Users/scout/iCloudDrive/School/CPE/CPE 324/Labs/Lab 3/Lab3-Files/DE10_LITE_Golden_Top.v Line: 122
    Warning (13040): bidirectional pin "GPIO[3]" has no driver File: C:/Users/scout/iCloudDrive/School/CPE/CPE 324/Labs/Lab 3/Lab3-Files/DE10_LITE_Golden_Top.v Line: 122
    Warning (13040): bidirectional pin "GPIO[4]" has no driver File: C:/Users/scout/iCloudDrive/School/CPE/CPE 324/Labs/Lab 3/Lab3-Files/DE10_LITE_Golden_Top.v Line: 122
    Warning (13040): bidirectional pin "GPIO[5]" has no driver File: C:/Users/scout/iCloudDrive/School/CPE/CPE 324/Labs/Lab 3/Lab3-Files/DE10_LITE_Golden_Top.v Line: 122
    Warning (13040): bidirectional pin "GPIO[6]" has no driver File: C:/Users/scout/iCloudDrive/School/CPE/CPE 324/Labs/Lab 3/Lab3-Files/DE10_LITE_Golden_Top.v Line: 122
    Warning (13040): bidirectional pin "GPIO[7]" has no driver File: C:/Users/scout/iCloudDrive/School/CPE/CPE 324/Labs/Lab 3/Lab3-Files/DE10_LITE_Golden_Top.v Line: 122
    Warning (13040): bidirectional pin "GPIO[8]" has no driver File: C:/Users/scout/iCloudDrive/School/CPE/CPE 324/Labs/Lab 3/Lab3-Files/DE10_LITE_Golden_Top.v Line: 122
    Warning (13040): bidirectional pin "GPIO[9]" has no driver File: C:/Users/scout/iCloudDrive/School/CPE/CPE 324/Labs/Lab 3/Lab3-Files/DE10_LITE_Golden_Top.v Line: 122
    Warning (13040): bidirectional pin "GPIO[10]" has no driver File: C:/Users/scout/iCloudDrive/School/CPE/CPE 324/Labs/Lab 3/Lab3-Files/DE10_LITE_Golden_Top.v Line: 122
    Warning (13040): bidirectional pin "GPIO[11]" has no driver File: C:/Users/scout/iCloudDrive/School/CPE/CPE 324/Labs/Lab 3/Lab3-Files/DE10_LITE_Golden_Top.v Line: 122
    Warning (13040): bidirectional pin "GPIO[12]" has no driver File: C:/Users/scout/iCloudDrive/School/CPE/CPE 324/Labs/Lab 3/Lab3-Files/DE10_LITE_Golden_Top.v Line: 122
    Warning (13040): bidirectional pin "GPIO[13]" has no driver File: C:/Users/scout/iCloudDrive/School/CPE/CPE 324/Labs/Lab 3/Lab3-Files/DE10_LITE_Golden_Top.v Line: 122
    Warning (13040): bidirectional pin "GPIO[14]" has no driver File: C:/Users/scout/iCloudDrive/School/CPE/CPE 324/Labs/Lab 3/Lab3-Files/DE10_LITE_Golden_Top.v Line: 122
    Warning (13040): bidirectional pin "GPIO[15]" has no driver File: C:/Users/scout/iCloudDrive/School/CPE/CPE 324/Labs/Lab 3/Lab3-Files/DE10_LITE_Golden_Top.v Line: 122
    Warning (13040): bidirectional pin "GPIO[16]" has no driver File: C:/Users/scout/iCloudDrive/School/CPE/CPE 324/Labs/Lab 3/Lab3-Files/DE10_LITE_Golden_Top.v Line: 122
    Warning (13040): bidirectional pin "GPIO[17]" has no driver File: C:/Users/scout/iCloudDrive/School/CPE/CPE 324/Labs/Lab 3/Lab3-Files/DE10_LITE_Golden_Top.v Line: 122
    Warning (13040): bidirectional pin "GPIO[18]" has no driver File: C:/Users/scout/iCloudDrive/School/CPE/CPE 324/Labs/Lab 3/Lab3-Files/DE10_LITE_Golden_Top.v Line: 122
    Warning (13040): bidirectional pin "GPIO[19]" has no driver File: C:/Users/scout/iCloudDrive/School/CPE/CPE 324/Labs/Lab 3/Lab3-Files/DE10_LITE_Golden_Top.v Line: 122
    Warning (13040): bidirectional pin "GPIO[20]" has no driver File: C:/Users/scout/iCloudDrive/School/CPE/CPE 324/Labs/Lab 3/Lab3-Files/DE10_LITE_Golden_Top.v Line: 122
    Warning (13040): bidirectional pin "GPIO[21]" has no driver File: C:/Users/scout/iCloudDrive/School/CPE/CPE 324/Labs/Lab 3/Lab3-Files/DE10_LITE_Golden_Top.v Line: 122
    Warning (13040): bidirectional pin "GPIO[22]" has no driver File: C:/Users/scout/iCloudDrive/School/CPE/CPE 324/Labs/Lab 3/Lab3-Files/DE10_LITE_Golden_Top.v Line: 122
    Warning (13040): bidirectional pin "GPIO[23]" has no driver File: C:/Users/scout/iCloudDrive/School/CPE/CPE 324/Labs/Lab 3/Lab3-Files/DE10_LITE_Golden_Top.v Line: 122
    Warning (13040): bidirectional pin "GPIO[24]" has no driver File: C:/Users/scout/iCloudDrive/School/CPE/CPE 324/Labs/Lab 3/Lab3-Files/DE10_LITE_Golden_Top.v Line: 122
    Warning (13040): bidirectional pin "GPIO[25]" has no driver File: C:/Users/scout/iCloudDrive/School/CPE/CPE 324/Labs/Lab 3/Lab3-Files/DE10_LITE_Golden_Top.v Line: 122
    Warning (13040): bidirectional pin "GPIO[26]" has no driver File: C:/Users/scout/iCloudDrive/School/CPE/CPE 324/Labs/Lab 3/Lab3-Files/DE10_LITE_Golden_Top.v Line: 122
    Warning (13040): bidirectional pin "GPIO[27]" has no driver File: C:/Users/scout/iCloudDrive/School/CPE/CPE 324/Labs/Lab 3/Lab3-Files/DE10_LITE_Golden_Top.v Line: 122
    Warning (13040): bidirectional pin "GPIO[28]" has no driver File: C:/Users/scout/iCloudDrive/School/CPE/CPE 324/Labs/Lab 3/Lab3-Files/DE10_LITE_Golden_Top.v Line: 122
    Warning (13040): bidirectional pin "GPIO[29]" has no driver File: C:/Users/scout/iCloudDrive/School/CPE/CPE 324/Labs/Lab 3/Lab3-Files/DE10_LITE_Golden_Top.v Line: 122
    Warning (13040): bidirectional pin "GPIO[30]" has no driver File: C:/Users/scout/iCloudDrive/School/CPE/CPE 324/Labs/Lab 3/Lab3-Files/DE10_LITE_Golden_Top.v Line: 122
    Warning (13040): bidirectional pin "GPIO[31]" has no driver File: C:/Users/scout/iCloudDrive/School/CPE/CPE 324/Labs/Lab 3/Lab3-Files/DE10_LITE_Golden_Top.v Line: 122
    Warning (13040): bidirectional pin "GPIO[32]" has no driver File: C:/Users/scout/iCloudDrive/School/CPE/CPE 324/Labs/Lab 3/Lab3-Files/DE10_LITE_Golden_Top.v Line: 122
    Warning (13040): bidirectional pin "GPIO[33]" has no driver File: C:/Users/scout/iCloudDrive/School/CPE/CPE 324/Labs/Lab 3/Lab3-Files/DE10_LITE_Golden_Top.v Line: 122
    Warning (13040): bidirectional pin "GPIO[34]" has no driver File: C:/Users/scout/iCloudDrive/School/CPE/CPE 324/Labs/Lab 3/Lab3-Files/DE10_LITE_Golden_Top.v Line: 122
    Warning (13040): bidirectional pin "GPIO[35]" has no driver File: C:/Users/scout/iCloudDrive/School/CPE/CPE 324/Labs/Lab 3/Lab3-Files/DE10_LITE_Golden_Top.v Line: 122
Warning (13024): Output pins are stuck at VCC or GND
    Warning (13410): Pin "HEX0[7]" is stuck at VCC File: C:/Users/scout/iCloudDrive/School/CPE/CPE 324/Labs/Lab 3/Lab3-Files/DE10_LITE_Golden_Top.v Line: 61
    Warning (13410): Pin "HEX1[7]" is stuck at VCC File: C:/Users/scout/iCloudDrive/School/CPE/CPE 324/Labs/Lab 3/Lab3-Files/DE10_LITE_Golden_Top.v Line: 64
    Warning (13410): Pin "HEX2[7]" is stuck at VCC File: C:/Users/scout/iCloudDrive/School/CPE/CPE 324/Labs/Lab 3/Lab3-Files/DE10_LITE_Golden_Top.v Line: 67
    Warning (13410): Pin "HEX3[7]" is stuck at VCC File: C:/Users/scout/iCloudDrive/School/CPE/CPE 324/Labs/Lab 3/Lab3-Files/DE10_LITE_Golden_Top.v Line: 70
    Warning (13410): Pin "HEX4[7]" is stuck at VCC File: C:/Users/scout/iCloudDrive/School/CPE/CPE 324/Labs/Lab 3/Lab3-Files/DE10_LITE_Golden_Top.v Line: 73
    Warning (13410): Pin "HEX5[1]" is stuck at VCC File: C:/Users/scout/iCloudDrive/School/CPE/CPE 324/Labs/Lab 3/Lab3-Files/DE10_LITE_Golden_Top.v Line: 76
    Warning (13410): Pin "HEX5[2]" is stuck at VCC File: C:/Users/scout/iCloudDrive/School/CPE/CPE 324/Labs/Lab 3/Lab3-Files/DE10_LITE_Golden_Top.v Line: 76
    Warning (13410): Pin "HEX5[7]" is stuck at VCC File: C:/Users/scout/iCloudDrive/School/CPE/CPE 324/Labs/Lab 3/Lab3-Files/DE10_LITE_Golden_Top.v Line: 76
Info (286030): Timing-Driven Synthesis is running
Info (16010): Generating hard_block partition "hard_block:auto_generated_inst"
    Info (16011): Adding 0 node(s), including 0 DDIO, 0 PLL, 0 transceiver and 0 LCELL
Info (21057): Implemented 563 device resources after synthesis - the final resource count might be different
    Info (21058): Implemented 13 input pins
    Info (21059): Implemented 48 output pins
    Info (21060): Implemented 36 bidirectional pins
    Info (21061): Implemented 465 logic cells
    Info (21062): Implemented 1 DSP elements
Info: Quartus Prime Analysis & Synthesis was successful. 0 errors, 52 warnings
    Info: Peak virtual memory: 4778 megabytes
    Info: Processing ended: Mon Feb 22 20:36:49 2021
    Info: Elapsed time: 00:00:12
    Info: Total CPU time (on all processors): 00:00:23


