Restore Archived Project report for lab4
Sat Mar 06 18:01:11 2021
Quartus Prime Version 17.1.0 Build 590 10/25/2017 SJ Lite Edition


---------------------
; Table of Contents ;
---------------------
  1. Legal Notice
  2. Restore Archived Project Summary
  3. Restore Archived Project Messages
  4. Files Restored
  5. Files Not Restored



----------------
; Legal Notice ;
----------------
Copyright (C) 2017  Intel Corporation. All rights reserved.
Your use of Intel Corporation's design tools, logic functions 
and other software and tools, and its AMPP partner logic 
functions, and any output files from any of the foregoing 
(including device programming or simulation files), and any 
associated documentation or information are expressly subject 
to the terms and conditions of the Intel Program License 
Subscription Agreement, the Intel Quartus Prime License Agreement,
the Intel FPGA IP License Agreement, or other applicable license
agreement, including, without limitation, that your use is for
the sole purpose of programming logic devices manufactured by
Intel and sold by Intel or its authorized distributors.  Please
refer to the applicable agreement for further details.



+-------------------------------------------------------------------------+
; Restore Archived Project Summary                                        ;
+---------------------------------+---------------------------------------+
; Restore Archived Project Status ; Successful - Sat Mar 06 18:01:11 2021 ;
; Revision Name                   ; lab4                                  ;
; Top-level Entity Name           ; DE10_LITE_Golden_Top                  ;
; Family                          ; MAX 10                                ;
+---------------------------------+---------------------------------------+


+-----------------------------------+
; Restore Archived Project Messages ;
+-----------------------------------+
Info: Successfully restored 'C:/Users/scout/iCloudDrive/School/CPE/CPE 324/Labs/Lab 4/Lab4-projectfile.qar' into the 'C:/Users/scout/iCloudDrive/School/CPE/CPE 324/Labs/Lab 4/Lab4-projectfile_restored/' directory
Info: Generated report 'lab4.restore.rpt'
Info (23030): Evaluation of Tcl script c:/intelfpga_lite/17.1/quartus/common/tcl/apps/qpm/qar.tcl was successful
Info: Quartus Prime Shell was successful. 0 errors, 0 warnings
    Info: Peak virtual memory: 4825 megabytes
    Info: Processing ended: Sat Mar 06 18:01:11 2021
    Info: Elapsed time: 00:00:02
    Info: Total CPU time (on all processors): 00:00:01


+------------------------------+
; Files Restored               ;
+------------------------------+
; File Name                    ;
+------------------------------+
; qar_info.json                ;
; DE10_LITE_Golden_Top.v       ;
; alu.v                        ;
; db/lab4_auto_stripped.stp    ;
; display_driver.v             ;
; hex_driver.v                 ;
; lab4.qpf                     ;
; lab4.qsf                     ;
; lab4.sdc                     ;
; lab4_assignment_defaults.qdf ;
; meta.v                       ;
; msec_timer.v                 ;
; prbs16.v                     ;
+------------------------------+


+--------------------+
; Files Not Restored ;
+--------------------+
; File Name          ;
+--------------------+


