Analysis & Synthesis report for FinalProject
Tue Apr 20 18:12:29 2021
Quartus Prime Version 17.1.0 Build 590 10/25/2017 SJ Lite Edition


---------------------
; Table of Contents ;
---------------------
  1. Legal Notice
  2. Analysis & Synthesis Summary
  3. Analysis & Synthesis Settings
  4. Parallel Compilation
  5. Analysis & Synthesis Source Files Read
  6. Analysis & Synthesis Resource Usage Summary
  7. Analysis & Synthesis Resource Utilization by Entity
  8. Registers Removed During Synthesis
  9. General Register Statistics
 10. Inverted Register Statistics
 11. Multiplexer Restructuring Statistics (Restructuring Performed)
 12. Port Connectivity Checks: "CountTimer:C5"
 13. Port Connectivity Checks: "Game2:T2|DownCountTimer:DC2"
 14. Post-Synthesis Netlist Statistics for Top Partition
 15. Elapsed Time Per Partition
 16. Analysis & Synthesis Messages
 17. Analysis & Synthesis Suppressed Messages



----------------
; Legal Notice ;
----------------
Copyright (C) 2017  Intel Corporation. All rights reserved.
Your use of Intel Corporation's design tools, logic functions 
and other software and tools, and its AMPP partner logic 
functions, and any output files from any of the foregoing 
(including device programming or simulation files), and any 
associated documentation or information are expressly subject 
to the terms and conditions of the Intel Program License 
Subscription Agreement, the Intel Quartus Prime License Agreement,
the Intel FPGA IP License Agreement, or other applicable license
agreement, including, without limitation, that your use is for
the sole purpose of programming logic devices manufactured by
Intel and sold by Intel or its authorized distributors.  Please
refer to the applicable agreement for further details.



+----------------------------------------------------------------------------------+
; Analysis & Synthesis Summary                                                     ;
+------------------------------------+---------------------------------------------+
; Analysis & Synthesis Status        ; Successful - Tue Apr 20 18:12:29 2021       ;
; Quartus Prime Version              ; 17.1.0 Build 590 10/25/2017 SJ Lite Edition ;
; Revision Name                      ; FinalProject                                ;
; Top-level Entity Name              ; FinalProject                                ;
; Family                             ; MAX 10                                      ;
; Total logic elements               ; 416                                         ;
;     Total combinational functions  ; 362                                         ;
;     Dedicated logic registers      ; 161                                         ;
; Total registers                    ; 161                                         ;
; Total pins                         ; 66                                          ;
; Total virtual pins                 ; 0                                           ;
; Total memory bits                  ; 0                                           ;
; Embedded Multiplier 9-bit elements ; 0                                           ;
; Total PLLs                         ; 0                                           ;
; UFM blocks                         ; 0                                           ;
; ADC blocks                         ; 0                                           ;
+------------------------------------+---------------------------------------------+


+----------------------------------------------------------------------------------------------------------------------+
; Analysis & Synthesis Settings                                                                                        ;
+----------------------------------------------------------------------------+--------------------+--------------------+
; Option                                                                     ; Setting            ; Default Value      ;
+----------------------------------------------------------------------------+--------------------+--------------------+
; Device                                                                     ; 10M50DAF484C7G     ;                    ;
; Top-level entity name                                                      ; FinalProject       ; FinalProject       ;
; Family name                                                                ; MAX 10             ; Cyclone V          ;
; Use smart compilation                                                      ; Off                ; Off                ;
; Enable parallel Assembler and TimeQuest Timing Analyzer during compilation ; On                 ; On                 ;
; Enable compact report table                                                ; Off                ; Off                ;
; Restructure Multiplexers                                                   ; Auto               ; Auto               ;
; Create Debugging Nodes for IP Cores                                        ; Off                ; Off                ;
; Preserve fewer node names                                                  ; On                 ; On                 ;
; Intel FPGA IP Evaluation Mode                                              ; Enable             ; Enable             ;
; Verilog Version                                                            ; Verilog_2001       ; Verilog_2001       ;
; VHDL Version                                                               ; VHDL_1993          ; VHDL_1993          ;
; State Machine Processing                                                   ; Auto               ; Auto               ;
; Safe State Machine                                                         ; Off                ; Off                ;
; Extract Verilog State Machines                                             ; On                 ; On                 ;
; Extract VHDL State Machines                                                ; On                 ; On                 ;
; Ignore Verilog initial constructs                                          ; Off                ; Off                ;
; Iteration limit for constant Verilog loops                                 ; 5000               ; 5000               ;
; Iteration limit for non-constant Verilog loops                             ; 250                ; 250                ;
; Add Pass-Through Logic to Inferred RAMs                                    ; On                 ; On                 ;
; Infer RAMs from Raw Logic                                                  ; On                 ; On                 ;
; Parallel Synthesis                                                         ; On                 ; On                 ;
; DSP Block Balancing                                                        ; Auto               ; Auto               ;
; NOT Gate Push-Back                                                         ; On                 ; On                 ;
; Power-Up Don't Care                                                        ; On                 ; On                 ;
; Remove Redundant Logic Cells                                               ; Off                ; Off                ;
; Remove Duplicate Registers                                                 ; On                 ; On                 ;
; Ignore CARRY Buffers                                                       ; Off                ; Off                ;
; Ignore CASCADE Buffers                                                     ; Off                ; Off                ;
; Ignore GLOBAL Buffers                                                      ; Off                ; Off                ;
; Ignore ROW GLOBAL Buffers                                                  ; Off                ; Off                ;
; Ignore LCELL Buffers                                                       ; Off                ; Off                ;
; Ignore SOFT Buffers                                                        ; On                 ; On                 ;
; Limit AHDL Integers to 32 Bits                                             ; Off                ; Off                ;
; Optimization Technique                                                     ; Balanced           ; Balanced           ;
; Carry Chain Length                                                         ; 70                 ; 70                 ;
; Auto Carry Chains                                                          ; On                 ; On                 ;
; Auto Open-Drain Pins                                                       ; On                 ; On                 ;
; Perform WYSIWYG Primitive Resynthesis                                      ; Off                ; Off                ;
; Auto ROM Replacement                                                       ; On                 ; On                 ;
; Auto RAM Replacement                                                       ; On                 ; On                 ;
; Auto DSP Block Replacement                                                 ; On                 ; On                 ;
; Auto Shift Register Replacement                                            ; Auto               ; Auto               ;
; Allow Shift Register Merging across Hierarchies                            ; Auto               ; Auto               ;
; Auto Clock Enable Replacement                                              ; On                 ; On                 ;
; Strict RAM Replacement                                                     ; Off                ; Off                ;
; Allow Synchronous Control Signals                                          ; On                 ; On                 ;
; Force Use of Synchronous Clear Signals                                     ; Off                ; Off                ;
; Auto RAM Block Balancing                                                   ; On                 ; On                 ;
; Auto RAM to Logic Cell Conversion                                          ; Off                ; Off                ;
; Auto Resource Sharing                                                      ; Off                ; Off                ;
; Allow Any RAM Size For Recognition                                         ; Off                ; Off                ;
; Allow Any ROM Size For Recognition                                         ; Off                ; Off                ;
; Allow Any Shift Register Size For Recognition                              ; Off                ; Off                ;
; Use LogicLock Constraints during Resource Balancing                        ; On                 ; On                 ;
; Ignore translate_off and synthesis_off directives                          ; Off                ; Off                ;
; Timing-Driven Synthesis                                                    ; On                 ; On                 ;
; Report Parameter Settings                                                  ; On                 ; On                 ;
; Report Source Assignments                                                  ; On                 ; On                 ;
; Report Connectivity Checks                                                 ; On                 ; On                 ;
; Ignore Maximum Fan-Out Assignments                                         ; Off                ; Off                ;
; Synchronization Register Chain Length                                      ; 2                  ; 2                  ;
; Power Optimization During Synthesis                                        ; Normal compilation ; Normal compilation ;
; HDL message level                                                          ; Level2             ; Level2             ;
; Suppress Register Optimization Related Messages                            ; Off                ; Off                ;
; Number of Removed Registers Reported in Synthesis Report                   ; 5000               ; 5000               ;
; Number of Swept Nodes Reported in Synthesis Report                         ; 5000               ; 5000               ;
; Number of Inverted Registers Reported in Synthesis Report                  ; 100                ; 100                ;
; Clock MUX Protection                                                       ; On                 ; On                 ;
; Auto Gated Clock Conversion                                                ; Off                ; Off                ;
; Block Design Naming                                                        ; Auto               ; Auto               ;
; SDC constraint protection                                                  ; Off                ; Off                ;
; Synthesis Effort                                                           ; Auto               ; Auto               ;
; Shift Register Replacement - Allow Asynchronous Clear Signal               ; On                 ; On                 ;
; Pre-Mapping Resynthesis Optimization                                       ; Off                ; Off                ;
; Analysis & Synthesis Message Level                                         ; Medium             ; Medium             ;
; Disable Register Merging Across Hierarchies                                ; Auto               ; Auto               ;
; Resource Aware Inference For Block RAM                                     ; On                 ; On                 ;
+----------------------------------------------------------------------------+--------------------+--------------------+


+------------------------------------------+
; Parallel Compilation                     ;
+----------------------------+-------------+
; Processors                 ; Number      ;
+----------------------------+-------------+
; Number detected on machine ; 8           ;
; Maximum allowed            ; 4           ;
;                            ;             ;
; Average used               ; 1.00        ;
; Maximum used               ; 4           ;
;                            ;             ;
; Usage by Processor         ; % Time Used ;
;     Processor 1            ; 100.0%      ;
;     Processor 2            ;   0.0%      ;
;     Processors 3-4         ;   0.0%      ;
+----------------------------+-------------+


+-------------------------------------------------------------------------------------------------------------------------------------------------+
; Analysis & Synthesis Source Files Read                                                                                                          ;
+----------------------------------+-----------------+------------------------+---------------------------------------------------------+---------+
; File Name with User-Entered Path ; Used in Netlist ; File Type              ; File Name with Absolute Path                            ; Library ;
+----------------------------------+-----------------+------------------------+---------------------------------------------------------+---------+
; FinalProject.v                   ; yes             ; User Verilog HDL File  ; D:/CPE324Final/Reaction-Timer-2.0-master/FinalProject.v ;         ;
+----------------------------------+-----------------+------------------------+---------------------------------------------------------+---------+


+-----------------------------------------------------------+
; Analysis & Synthesis Resource Usage Summary               ;
+---------------------------------------------+-------------+
; Resource                                    ; Usage       ;
+---------------------------------------------+-------------+
; Estimated Total logic elements              ; 416         ;
;                                             ;             ;
; Total combinational functions               ; 362         ;
; Logic element usage by number of LUT inputs ;             ;
;     -- 4 input functions                    ; 163         ;
;     -- 3 input functions                    ; 96          ;
;     -- <=2 input functions                  ; 103         ;
;                                             ;             ;
; Logic elements by mode                      ;             ;
;     -- normal mode                          ; 280         ;
;     -- arithmetic mode                      ; 82          ;
;                                             ;             ;
; Total registers                             ; 161         ;
;     -- Dedicated logic registers            ; 161         ;
;     -- I/O registers                        ; 0           ;
;                                             ;             ;
; I/O pins                                    ; 66          ;
;                                             ;             ;
; Embedded Multiplier 9-bit elements          ; 0           ;
;                                             ;             ;
; Maximum fan-out node                        ; sw[8]~input ;
; Maximum fan-out                             ; 48          ;
; Total fan-out                               ; 1713        ;
; Average fan-out                             ; 2.62        ;
+---------------------------------------------+-------------+


+-------------------------------------------------------------------------------------------------------------------------------------------------------------------------------------------------------------------------------------------------------------+
; Analysis & Synthesis Resource Utilization by Entity                                                                                                                                                                                                         ;
+----------------------------+---------------------+---------------------------+-------------+------------+--------------+---------+-----------+------+--------------+------------+-------------------------------------------+----------------+--------------+
; Compilation Hierarchy Node ; Combinational ALUTs ; Dedicated Logic Registers ; Memory Bits ; UFM Blocks ; DSP Elements ; DSP 9x9 ; DSP 18x18 ; Pins ; Virtual Pins ; ADC blocks ; Full Hierarchy Name                       ; Entity Name    ; Library Name ;
+----------------------------+---------------------+---------------------------+-------------+------------+--------------+---------+-----------+------+--------------+------------+-------------------------------------------+----------------+--------------+
; |FinalProject              ; 362 (12)            ; 161 (1)                   ; 0           ; 0          ; 0            ; 0       ; 0         ; 66   ; 0            ; 0          ; |FinalProject                             ; FinalProject   ; work         ;
;    |CountTimer:C0|         ; 7 (7)               ; 5 (5)                     ; 0           ; 0          ; 0            ; 0       ; 0         ; 0    ; 0            ; 0          ; |FinalProject|CountTimer:C0               ; CountTimer     ; work         ;
;    |CountTimer:C1|         ; 6 (6)               ; 5 (5)                     ; 0           ; 0          ; 0            ; 0       ; 0         ; 0    ; 0            ; 0          ; |FinalProject|CountTimer:C1               ; CountTimer     ; work         ;
;    |CountTimer:C2|         ; 6 (6)               ; 5 (5)                     ; 0           ; 0          ; 0            ; 0       ; 0         ; 0    ; 0            ; 0          ; |FinalProject|CountTimer:C2               ; CountTimer     ; work         ;
;    |CountTimer:C3|         ; 6 (6)               ; 5 (5)                     ; 0           ; 0          ; 0            ; 0       ; 0         ; 0    ; 0            ; 0          ; |FinalProject|CountTimer:C3               ; CountTimer     ; work         ;
;    |CountTimer:C4|         ; 6 (6)               ; 5 (5)                     ; 0           ; 0          ; 0            ; 0       ; 0         ; 0    ; 0            ; 0          ; |FinalProject|CountTimer:C4               ; CountTimer     ; work         ;
;    |CountTimer:C5|         ; 4 (4)               ; 4 (4)                     ; 0           ; 0          ; 0            ; 0       ; 0         ; 0    ; 0            ; 0          ; |FinalProject|CountTimer:C5               ; CountTimer     ; work         ;
;    |Game1:T1|              ; 112 (2)             ; 51 (2)                    ; 0           ; 0          ; 0            ; 0       ; 0         ; 0    ; 0            ; 0          ; |FinalProject|Game1:T1                    ; Game1          ; work         ;
;       |DownCountTimer:DC1| ; 53 (53)             ; 13 (13)                   ; 0           ; 0          ; 0            ; 0       ; 0         ; 0    ; 0            ; 0          ; |FinalProject|Game1:T1|DownCountTimer:DC1 ; DownCountTimer ; work         ;
;       |HighScore:H1|       ; 42 (42)             ; 24 (24)                   ; 0           ; 0          ; 0            ; 0       ; 0         ; 0    ; 0            ; 0          ; |FinalProject|Game1:T1|HighScore:H1       ; HighScore      ; work         ;
;       |LFSR12:L1|          ; 15 (15)             ; 12 (12)                   ; 0           ; 0          ; 0            ; 0       ; 0         ; 0    ; 0            ; 0          ; |FinalProject|Game1:T1|LFSR12:L1          ; LFSR12         ; work         ;
;    |Game2:T2|              ; 81 (2)              ; 58 (3)                    ; 0           ; 0          ; 0            ; 0       ; 0         ; 0    ; 0            ; 0          ; |FinalProject|Game2:T2                    ; Game2          ; work         ;
;       |Compare:CMP1|       ; 6 (6)               ; 1 (1)                     ; 0           ; 0          ; 0            ; 0       ; 0         ; 0    ; 0            ; 0          ; |FinalProject|Game2:T2|Compare:CMP1       ; Compare        ; work         ;
;       |DownCountTimer:DC2| ; 24 (24)             ; 13 (13)                   ; 0           ; 0          ; 0            ; 0       ; 0         ; 0    ; 0            ; 0          ; |FinalProject|Game2:T2|DownCountTimer:DC2 ; DownCountTimer ; work         ;
;       |HighScore:H2|       ; 33 (33)             ; 24 (24)                   ; 0           ; 0          ; 0            ; 0       ; 0         ; 0    ; 0            ; 0          ; |FinalProject|Game2:T2|HighScore:H2       ; HighScore      ; work         ;
;       |LED_Decoder:LD1|    ; 11 (11)             ; 8 (8)                     ; 0           ; 0          ; 0            ; 0       ; 0         ; 0    ; 0            ; 0          ; |FinalProject|Game2:T2|LED_Decoder:LD1    ; LED_Decoder    ; work         ;
;       |ShiftReg:R1|        ; 2 (2)               ; 4 (4)                     ; 0           ; 0          ; 0            ; 0       ; 0         ; 0    ; 0            ; 0          ; |FinalProject|Game2:T2|ShiftReg:R1        ; ShiftReg       ; work         ;
;       |ShiftReg:R2|        ; 2 (2)               ; 4 (4)                     ; 0           ; 0          ; 0            ; 0       ; 0         ; 0    ; 0            ; 0          ; |FinalProject|Game2:T2|ShiftReg:R2        ; ShiftReg       ; work         ;
;       |StateMachine:S1|    ; 1 (1)               ; 1 (1)                     ; 0           ; 0          ; 0            ; 0       ; 0         ; 0    ; 0            ; 0          ; |FinalProject|Game2:T2|StateMachine:S1    ; StateMachine   ; work         ;
;    |HEXDecoder:D0|         ; 7 (7)               ; 0 (0)                     ; 0           ; 0          ; 0            ; 0       ; 0         ; 0    ; 0            ; 0          ; |FinalProject|HEXDecoder:D0               ; HEXDecoder     ; work         ;
;    |HEXDecoder:D1|         ; 7 (7)               ; 0 (0)                     ; 0           ; 0          ; 0            ; 0       ; 0         ; 0    ; 0            ; 0          ; |FinalProject|HEXDecoder:D1               ; HEXDecoder     ; work         ;
;    |HEXDecoder:D2|         ; 7 (7)               ; 0 (0)                     ; 0           ; 0          ; 0            ; 0       ; 0         ; 0    ; 0            ; 0          ; |FinalProject|HEXDecoder:D2               ; HEXDecoder     ; work         ;
;    |HEXDecoder:D3|         ; 7 (7)               ; 0 (0)                     ; 0           ; 0          ; 0            ; 0       ; 0         ; 0    ; 0            ; 0          ; |FinalProject|HEXDecoder:D3               ; HEXDecoder     ; work         ;
;    |HEXDecoder:D4|         ; 7 (7)               ; 0 (0)                     ; 0           ; 0          ; 0            ; 0       ; 0         ; 0    ; 0            ; 0          ; |FinalProject|HEXDecoder:D4               ; HEXDecoder     ; work         ;
;    |HEXDecoder:D5|         ; 7 (7)               ; 0 (0)                     ; 0           ; 0          ; 0            ; 0       ; 0         ; 0    ; 0            ; 0          ; |FinalProject|HEXDecoder:D5               ; HEXDecoder     ; work         ;
;    |MUX:M0|                ; 8 (8)               ; 0 (0)                     ; 0           ; 0          ; 0            ; 0       ; 0         ; 0    ; 0            ; 0          ; |FinalProject|MUX:M0                      ; MUX            ; work         ;
;    |MUX:M1|                ; 8 (8)               ; 0 (0)                     ; 0           ; 0          ; 0            ; 0       ; 0         ; 0    ; 0            ; 0          ; |FinalProject|MUX:M1                      ; MUX            ; work         ;
;    |MUX:M2|                ; 8 (8)               ; 0 (0)                     ; 0           ; 0          ; 0            ; 0       ; 0         ; 0    ; 0            ; 0          ; |FinalProject|MUX:M2                      ; MUX            ; work         ;
;    |MUX:M3|                ; 8 (8)               ; 0 (0)                     ; 0           ; 0          ; 0            ; 0       ; 0         ; 0    ; 0            ; 0          ; |FinalProject|MUX:M3                      ; MUX            ; work         ;
;    |MUX:M4|                ; 8 (8)               ; 0 (0)                     ; 0           ; 0          ; 0            ; 0       ; 0         ; 0    ; 0            ; 0          ; |FinalProject|MUX:M4                      ; MUX            ; work         ;
;    |MUX:M5|                ; 8 (8)               ; 0 (0)                     ; 0           ; 0          ; 0            ; 0       ; 0         ; 0    ; 0            ; 0          ; |FinalProject|MUX:M5                      ; MUX            ; work         ;
;    |StateMachineR:S2|      ; 2 (2)               ; 3 (3)                     ; 0           ; 0          ; 0            ; 0       ; 0         ; 0    ; 0            ; 0          ; |FinalProject|StateMachineR:S2            ; StateMachineR  ; work         ;
;    |StateMachineR:S3|      ; 3 (3)               ; 3 (3)                     ; 0           ; 0          ; 0            ; 0       ; 0         ; 0    ; 0            ; 0          ; |FinalProject|StateMachineR:S3            ; StateMachineR  ; work         ;
;    |clk_divisor:U0|        ; 27 (27)             ; 16 (16)                   ; 0           ; 0          ; 0            ; 0       ; 0         ; 0    ; 0            ; 0          ; |FinalProject|clk_divisor:U0              ; clk_divisor    ; work         ;
+----------------------------+---------------------+---------------------------+-------------+------------+--------------+---------+-----------+------+--------------+------------+-------------------------------------------+----------------+--------------+
Note: For table entries with two numbers listed, the numbers in parentheses indicate the number of resources of the given type used by the specific entity alone. The numbers listed outside of parentheses indicate the total resources of the given type used by the specific entity and all of its sub-entities in the hierarchy.


+---------------------------------------------------------------------------------------+
; Registers Removed During Synthesis                                                    ;
+----------------------------------------+----------------------------------------------+
; Register name                          ; Reason for Removal                           ;
+----------------------------------------+----------------------------------------------+
; Game1:T1|LED1[0..9]                    ; Merged with Game1:T1|A1                      ;
; Game2:T2|LED_Decoder:LD1|LED2[9]       ; Merged with Game2:T2|LED_Decoder:LD1|LED2[8] ;
; Game2:T2|LED_Decoder:LD1|LED2[8]       ; Stuck at GND due to stuck port data_in       ;
; Total Number of Removed Registers = 12 ;                                              ;
+----------------------------------------+----------------------------------------------+


+------------------------------------------------------+
; General Register Statistics                          ;
+----------------------------------------------+-------+
; Statistic                                    ; Value ;
+----------------------------------------------+-------+
; Total registers                              ; 161   ;
; Number of registers using Synchronous Clear  ; 2     ;
; Number of registers using Synchronous Load   ; 0     ;
; Number of registers using Asynchronous Clear ; 51    ;
; Number of registers using Asynchronous Load  ; 0     ;
; Number of registers using Clock Enable       ; 101   ;
; Number of registers using Preset             ; 0     ;
+----------------------------------------------+-------+


+---------------------------------------------------+
; Inverted Register Statistics                      ;
+-----------------------------------------+---------+
; Inverted Register                       ; Fan out ;
+-----------------------------------------+---------+
; Game2:T2|ShiftReg:R1|c[0]               ; 2       ;
; Game2:T2|ShiftReg:R2|c[0]               ; 2       ;
; Game2:T2|DownCountTimer:DC2|count[10]   ; 2       ;
; Game2:T2|DownCountTimer:DC2|count[8]    ; 2       ;
; Game2:T2|DownCountTimer:DC2|count[7]    ; 2       ;
; Game2:T2|DownCountTimer:DC2|count[6]    ; 2       ;
; Game2:T2|DownCountTimer:DC2|count[4]    ; 2       ;
; Game2:T2|DownCountTimer:DC2|count[3]    ; 2       ;
; Game2:T2|DownCountTimer:DC2|count[2]    ; 2       ;
; Game1:T1|LFSR12:L1|r[10]                ; 4       ;
; Game1:T1|LFSR12:L1|r[7]                 ; 5       ;
; Game1:T1|LFSR12:L1|r[5]                 ; 4       ;
; Game1:T1|LFSR12:L1|r[3]                 ; 4       ;
; Game1:T1|LFSR12:L1|r[2]                 ; 4       ;
; Game1:T1|LFSR12:L1|r[0]                 ; 4       ;
; Total number of inverted registers = 15 ;         ;
+-----------------------------------------+---------+


+--------------------------------------------------------------------------------------------------------------------------------------------------------------+
; Multiplexer Restructuring Statistics (Restructuring Performed)                                                                                               ;
+--------------------+-----------+---------------+----------------------+------------------------+------------+------------------------------------------------+
; Multiplexer Inputs ; Bus Width ; Baseline Area ; Area if Restructured ; Saving if Restructured ; Registered ; Example Multiplexer Output                     ;
+--------------------+-----------+---------------+----------------------+------------------------+------------+------------------------------------------------+
; 3:1                ; 8 bits    ; 16 LEs        ; 8 LEs                ; 8 LEs                  ; Yes        ; |FinalProject|Game2:T2|LED_Decoder:LD1|LED2[1] ;
; 3:1                ; 24 bits   ; 48 LEs        ; 48 LEs               ; 0 LEs                  ; No         ; |FinalProject|MUX:M3|f[3]                      ;
+--------------------+-----------+---------------+----------------------+------------------------+------------+------------------------------------------------+


+------------------------------------------------------------------------------------------------------------------+
; Port Connectivity Checks: "CountTimer:C5"                                                                        ;
+--------+--------+----------+-------------------------------------------------------------------------------------+
; Port   ; Type   ; Severity ; Details                                                                             ;
+--------+--------+----------+-------------------------------------------------------------------------------------+
; clocko ; Output ; Info     ; Connected to dangling logic. Logic that only feeds a dangling port will be removed. ;
+--------+--------+----------+-------------------------------------------------------------------------------------+


+---------------------------------------------------------+
; Port Connectivity Checks: "Game2:T2|DownCountTimer:DC2" ;
+---------+-------+----------+----------------------------+
; Port    ; Type  ; Severity ; Details                    ;
+---------+-------+----------+----------------------------+
; c[8..6] ; Input ; Info     ; Stuck at VCC               ;
; c[4..2] ; Input ; Info     ; Stuck at VCC               ;
; c[1..0] ; Input ; Info     ; Stuck at GND               ;
; c[11]   ; Input ; Info     ; Stuck at GND               ;
; c[10]   ; Input ; Info     ; Stuck at VCC               ;
; c[9]    ; Input ; Info     ; Stuck at GND               ;
; c[5]    ; Input ; Info     ; Stuck at GND               ;
+---------+-------+----------+----------------------------+


+-----------------------------------------------------+
; Post-Synthesis Netlist Statistics for Top Partition ;
+-----------------------+-----------------------------+
; Type                  ; Count                       ;
+-----------------------+-----------------------------+
; boundary_port         ; 66                          ;
; cycloneiii_ff         ; 161                         ;
;     CLR               ; 11                          ;
;     ENA               ; 61                          ;
;     ENA CLR           ; 40                          ;
;     SCLR              ; 2                           ;
;     plain             ; 47                          ;
; cycloneiii_lcell_comb ; 369                         ;
;     arith             ; 82                          ;
;         2 data inputs ; 36                          ;
;         3 data inputs ; 46                          ;
;     normal            ; 287                         ;
;         0 data inputs ; 1                           ;
;         1 data inputs ; 33                          ;
;         2 data inputs ; 40                          ;
;         3 data inputs ; 50                          ;
;         4 data inputs ; 163                         ;
;                       ;                             ;
; Max LUT depth         ; 4.30                        ;
; Average LUT depth     ; 3.03                        ;
+-----------------------+-----------------------------+


+-------------------------------+
; Elapsed Time Per Partition    ;
+----------------+--------------+
; Partition Name ; Elapsed Time ;
+----------------+--------------+
; Top            ; 00:00:00     ;
+----------------+--------------+


+-------------------------------+
; Analysis & Synthesis Messages ;
+-------------------------------+
Info: *******************************************************************
Info: Running Quartus Prime Analysis & Synthesis
    Info: Version 17.1.0 Build 590 10/25/2017 SJ Lite Edition
    Info: Processing started: Tue Apr 20 18:12:18 2021
Info: Command: quartus_map --read_settings_files=on --write_settings_files=off FinalProject -c FinalProject
Warning (18236): Number of processors has not been specified which may cause overloading on shared machines.  Set the global assignment NUM_PARALLEL_PROCESSORS in your QSF to an appropriate value for best performance.
Info (20030): Parallel compilation is enabled and will use 4 of the 4 processors detected
Warning (12090): Entity "MUX" obtained from "FinalProject.v" instead of from Quartus Prime megafunction library File: D:/CPE324Final/Reaction-Timer-2.0-master/FinalProject.v Line: 297
Info (12021): Found 16 design units, including 16 entities, in source file finalproject.v
    Info (12023): Found entity 1: FinalProject File: D:/CPE324Final/Reaction-Timer-2.0-master/FinalProject.v Line: 9
    Info (12023): Found entity 2: Game1 File: D:/CPE324Final/Reaction-Timer-2.0-master/FinalProject.v Line: 75
    Info (12023): Found entity 3: Game2 File: D:/CPE324Final/Reaction-Timer-2.0-master/FinalProject.v Line: 119
    Info (12023): Found entity 4: clk_divisor File: D:/CPE324Final/Reaction-Timer-2.0-master/FinalProject.v Line: 162
    Info (12023): Found entity 5: Compare File: D:/CPE324Final/Reaction-Timer-2.0-master/FinalProject.v Line: 178
    Info (12023): Found entity 6: CountTimer File: D:/CPE324Final/Reaction-Timer-2.0-master/FinalProject.v Line: 196
    Info (12023): Found entity 7: DownCountTimer File: D:/CPE324Final/Reaction-Timer-2.0-master/FinalProject.v Line: 221
    Info (12023): Found entity 8: HEXDecoder File: D:/CPE324Final/Reaction-Timer-2.0-master/FinalProject.v Line: 250
    Info (12023): Found entity 9: LED_Decoder File: D:/CPE324Final/Reaction-Timer-2.0-master/FinalProject.v Line: 270
    Info (12023): Found entity 10: MUX File: D:/CPE324Final/Reaction-Timer-2.0-master/FinalProject.v Line: 297
    Info (12023): Found entity 11: MUX24 File: D:/CPE324Final/Reaction-Timer-2.0-master/FinalProject.v Line: 310
    Info (12023): Found entity 12: HighScore File: D:/CPE324Final/Reaction-Timer-2.0-master/FinalProject.v Line: 324
    Info (12023): Found entity 13: ShiftReg File: D:/CPE324Final/Reaction-Timer-2.0-master/FinalProject.v Line: 343
    Info (12023): Found entity 14: StateMachine File: D:/CPE324Final/Reaction-Timer-2.0-master/FinalProject.v Line: 357
    Info (12023): Found entity 15: LFSR12 File: D:/CPE324Final/Reaction-Timer-2.0-master/FinalProject.v Line: 370
    Info (12023): Found entity 16: StateMachineR File: D:/CPE324Final/Reaction-Timer-2.0-master/FinalProject.v Line: 399
Info (12127): Elaborating entity "FinalProject" for the top level hierarchy
Info (12128): Elaborating entity "clk_divisor" for hierarchy "clk_divisor:U0" File: D:/CPE324Final/Reaction-Timer-2.0-master/FinalProject.v Line: 28
Info (12128): Elaborating entity "Game1" for hierarchy "Game1:T1" File: D:/CPE324Final/Reaction-Timer-2.0-master/FinalProject.v Line: 29
Info (12128): Elaborating entity "LFSR12" for hierarchy "Game1:T1|LFSR12:L1" File: D:/CPE324Final/Reaction-Timer-2.0-master/FinalProject.v Line: 86
Info (12128): Elaborating entity "DownCountTimer" for hierarchy "Game1:T1|DownCountTimer:DC1" File: D:/CPE324Final/Reaction-Timer-2.0-master/FinalProject.v Line: 87
Info (12128): Elaborating entity "HighScore" for hierarchy "Game1:T1|HighScore:H1" File: D:/CPE324Final/Reaction-Timer-2.0-master/FinalProject.v Line: 88
Info (12128): Elaborating entity "Game2" for hierarchy "Game2:T2" File: D:/CPE324Final/Reaction-Timer-2.0-master/FinalProject.v Line: 30
Info (12128): Elaborating entity "Compare" for hierarchy "Game2:T2|Compare:CMP1" File: D:/CPE324Final/Reaction-Timer-2.0-master/FinalProject.v Line: 132
Info (12128): Elaborating entity "StateMachine" for hierarchy "Game2:T2|StateMachine:S1" File: D:/CPE324Final/Reaction-Timer-2.0-master/FinalProject.v Line: 133
Info (12128): Elaborating entity "ShiftReg" for hierarchy "Game2:T2|ShiftReg:R1" File: D:/CPE324Final/Reaction-Timer-2.0-master/FinalProject.v Line: 134
Info (12128): Elaborating entity "LED_Decoder" for hierarchy "Game2:T2|LED_Decoder:LD1" File: D:/CPE324Final/Reaction-Timer-2.0-master/FinalProject.v Line: 136
Info (12128): Elaborating entity "StateMachineR" for hierarchy "StateMachineR:S2" File: D:/CPE324Final/Reaction-Timer-2.0-master/FinalProject.v Line: 31
Info (12128): Elaborating entity "CountTimer" for hierarchy "CountTimer:C0" File: D:/CPE324Final/Reaction-Timer-2.0-master/FinalProject.v Line: 33
Info (12128): Elaborating entity "MUX" for hierarchy "MUX:M0" File: D:/CPE324Final/Reaction-Timer-2.0-master/FinalProject.v Line: 39
Info (12128): Elaborating entity "MUX24" for hierarchy "MUX24:M6" File: D:/CPE324Final/Reaction-Timer-2.0-master/FinalProject.v Line: 45
Info (12128): Elaborating entity "HEXDecoder" for hierarchy "HEXDecoder:D0" File: D:/CPE324Final/Reaction-Timer-2.0-master/FinalProject.v Line: 46
Info (13000): Registers with preset signals will power-up high File: D:/CPE324Final/Reaction-Timer-2.0-master/FinalProject.v Line: 238
Info (13003): DEV_CLRn pin will set, and not reset, register with preset signal due to NOT Gate Push-Back
Warning (13004): Presettable and clearable registers converted to equivalent circuits with latches. Registers power-up to an undefined state, and DEVCLRn places the registers in an undefined state.
    Warning (13310): Register "Game1:T1|DownCountTimer:DC1|count[11]" is converted into an equivalent circuit using register "Game1:T1|DownCountTimer:DC1|count[11]~_emulated" and latch "Game1:T1|DownCountTimer:DC1|count[11]~1" File: D:/CPE324Final/Reaction-Timer-2.0-master/FinalProject.v Line: 238
    Warning (13310): Register "Game1:T1|DownCountTimer:DC1|count[10]" is converted into an equivalent circuit using register "Game1:T1|DownCountTimer:DC1|count[10]~_emulated" and latch "Game1:T1|DownCountTimer:DC1|count[10]~5" File: D:/CPE324Final/Reaction-Timer-2.0-master/FinalProject.v Line: 238
    Warning (13310): Register "Game1:T1|DownCountTimer:DC1|count[9]" is converted into an equivalent circuit using register "Game1:T1|DownCountTimer:DC1|count[9]~_emulated" and latch "Game1:T1|DownCountTimer:DC1|count[9]~9" File: D:/CPE324Final/Reaction-Timer-2.0-master/FinalProject.v Line: 238
    Warning (13310): Register "Game1:T1|DownCountTimer:DC1|count[8]" is converted into an equivalent circuit using register "Game1:T1|DownCountTimer:DC1|count[8]~_emulated" and latch "Game1:T1|DownCountTimer:DC1|count[8]~13" File: D:/CPE324Final/Reaction-Timer-2.0-master/FinalProject.v Line: 238
    Warning (13310): Register "Game1:T1|DownCountTimer:DC1|count[7]" is converted into an equivalent circuit using register "Game1:T1|DownCountTimer:DC1|count[7]~_emulated" and latch "Game1:T1|DownCountTimer:DC1|count[7]~17" File: D:/CPE324Final/Reaction-Timer-2.0-master/FinalProject.v Line: 238
    Warning (13310): Register "Game1:T1|DownCountTimer:DC1|count[6]" is converted into an equivalent circuit using register "Game1:T1|DownCountTimer:DC1|count[6]~_emulated" and latch "Game1:T1|DownCountTimer:DC1|count[6]~21" File: D:/CPE324Final/Reaction-Timer-2.0-master/FinalProject.v Line: 238
    Warning (13310): Register "Game1:T1|DownCountTimer:DC1|count[5]" is converted into an equivalent circuit using register "Game1:T1|DownCountTimer:DC1|count[5]~_emulated" and latch "Game1:T1|DownCountTimer:DC1|count[5]~25" File: D:/CPE324Final/Reaction-Timer-2.0-master/FinalProject.v Line: 238
    Warning (13310): Register "Game1:T1|DownCountTimer:DC1|count[4]" is converted into an equivalent circuit using register "Game1:T1|DownCountTimer:DC1|count[4]~_emulated" and latch "Game1:T1|DownCountTimer:DC1|count[4]~29" File: D:/CPE324Final/Reaction-Timer-2.0-master/FinalProject.v Line: 238
    Warning (13310): Register "Game1:T1|DownCountTimer:DC1|count[3]" is converted into an equivalent circuit using register "Game1:T1|DownCountTimer:DC1|count[3]~_emulated" and latch "Game1:T1|DownCountTimer:DC1|count[3]~33" File: D:/CPE324Final/Reaction-Timer-2.0-master/FinalProject.v Line: 238
    Warning (13310): Register "Game1:T1|DownCountTimer:DC1|count[2]" is converted into an equivalent circuit using register "Game1:T1|DownCountTimer:DC1|count[2]~_emulated" and latch "Game1:T1|DownCountTimer:DC1|count[2]~37" File: D:/CPE324Final/Reaction-Timer-2.0-master/FinalProject.v Line: 238
    Warning (13310): Register "Game1:T1|DownCountTimer:DC1|count[1]" is converted into an equivalent circuit using register "Game1:T1|DownCountTimer:DC1|count[1]~_emulated" and latch "Game1:T1|DownCountTimer:DC1|count[1]~41" File: D:/CPE324Final/Reaction-Timer-2.0-master/FinalProject.v Line: 238
    Warning (13310): Register "Game1:T1|DownCountTimer:DC1|count[0]" is converted into an equivalent circuit using register "Game1:T1|DownCountTimer:DC1|count[0]~_emulated" and latch "Game1:T1|DownCountTimer:DC1|count[0]~45" File: D:/CPE324Final/Reaction-Timer-2.0-master/FinalProject.v Line: 238
Warning (13024): Output pins are stuck at VCC or GND
    Warning (13410): Pin "d" is stuck at GND File: D:/CPE324Final/Reaction-Timer-2.0-master/FinalProject.v Line: 14
Info (286030): Timing-Driven Synthesis is running
Info (144001): Generated suppressed messages file D:/CPE324Final/Reaction-Timer-2.0-master/output_files/FinalProject.map.smsg
Info (16010): Generating hard_block partition "hard_block:auto_generated_inst"
    Info (16011): Adding 0 node(s), including 0 DDIO, 0 PLL, 0 transceiver and 0 LCELL
Info (21057): Implemented 485 device resources after synthesis - the final resource count might be different
    Info (21058): Implemented 13 input pins
    Info (21059): Implemented 53 output pins
    Info (21061): Implemented 419 logic cells
Info: Quartus Prime Analysis & Synthesis was successful. 0 errors, 17 warnings
    Info: Peak virtual memory: 4779 megabytes
    Info: Processing ended: Tue Apr 20 18:12:29 2021
    Info: Elapsed time: 00:00:11
    Info: Total CPU time (on all processors): 00:00:24


+------------------------------------------+
; Analysis & Synthesis Suppressed Messages ;
+------------------------------------------+
The suppressed messages can be found in D:/CPE324Final/Reaction-Timer-2.0-master/output_files/FinalProject.map.smsg.


